<?xml version="1.0" encoding="UTF-8"?><testsuite errors="0" failures="0" name="com.qa.junit.studentInfo.TagsTest" skipped="0" tests="2" time="19.05" timestamp="2021-05-20T14:25:04.673+07:00[Asia/Bangkok]"><testcase classname="com.qa.junit.studentInfo.TagsTest" name="Provide a 405 status code when incorrect HTTP method is used to access a resource"/><testcase classname="com.qa.junit.studentInfo.TagsTest" name="This test will verify if a status code of 200 is returned for GET request"/></testsuite>